Game 1: 1 green, 2 blue; 13 red, 2 blue, 3 green; 4 green, 14 red
pull 1 had 1 green, 2 blue
pull 2 had 13 red, 2 blue, 3 green
Not possible, too many red
Skipping rest of this game
Game 2: 2 blue, 11 green; 4 blue, 12 red, 4 green; 7 red, 1 blue, 9 green; 10 green, 12 red, 6 blue
pull 1 had 2 blue, 11 green
pull 2 had 4 blue, 12 red, 4 green
pull 3 had 7 red, 1 blue, 9 green
pull 4 had 10 green, 12 red, 6 blue
This game valid, total now 2
Game 3: 1 blue, 12 green, 2 red; 9 red, 16 green; 1 red, 10 green, 1 blue; 1 red, 14 green
pull 1 had 1 blue, 12 green, 2 red
pull 2 had 9 red, 16 green
Not possible, too many green
Skipping rest of this game
Game 4: 8 green, 18 blue; 4 green, 14 blue, 2 red; 3 blue, 5 green, 11 red
pull 1 had 8 green, 18 blue
Not possible, too many blue
Skipping rest of this game
Game 5: 7 red, 15 blue, 1 green; 13 blue; 18 red, 2 green, 9 blue; 19 blue, 5 green, 10 red; 9 green, 2 blue, 7 red
pull 1 had 7 red, 15 blue, 1 green
Not possible, too many blue
Skipping rest of this game
Game 6: 1 red, 8 blue, 2 green; 1 blue, 3 red, 5 green; 2 green, 3 red, 2 blue; 1 blue, 4 green
pull 1 had 1 red, 8 blue, 2 green
pull 2 had 1 blue, 3 red, 5 green
pull 3 had 2 green, 3 red, 2 blue
pull 4 had 1 blue, 4 green
This game valid, total now 8
Game 7: 4 red, 6 green, 1 blue; 3 blue, 9 green, 5 red; 5 blue, 5 green, 4 red; 6 green, 5 blue, 5 red; 13 red; 4 red, 2 blue, 9 green
pull 1 had 4 red, 6 green, 1 blue
pull 2 had 3 blue, 9 green, 5 red
pull 3 had 5 blue, 5 green, 4 red
pull 4 had 6 green, 5 blue, 5 red
pull 5 had 13 red
Not possible, too many red
Skipping rest of this game
Game 8: 7 blue, 14 green, 5 red; 1 green, 7 blue, 11 red; 6 blue, 16 red, 4 green; 8 red, 11 green, 7 blue; 6 blue, 18 red, 9 green
pull 1 had 7 blue, 14 green, 5 red
Not possible, too many green
Skipping rest of this game
Game 9: 3 blue, 1 green, 6 red; 1 red, 1 blue, 1 green; 6 red, 2 blue, 1 green
pull 1 had 3 blue, 1 green, 6 red
pull 2 had 1 red, 1 blue, 1 green
pull 3 had 6 red, 2 blue, 1 green
This game valid, total now 17
Game 10: 6 red, 11 blue, 12 green; 1 blue, 2 red, 3 green; 14 green, 6 red, 7 blue; 6 red, 10 blue, 9 green; 6 blue, 2 red
pull 1 had 6 red, 11 blue, 12 green
pull 2 had 1 blue, 2 red, 3 green
pull 3 had 14 green, 6 red, 7 blue
Not possible, too many green
Skipping rest of this game
Game 11: 5 blue, 2 red, 18 green; 2 blue, 13 green; 8 blue, 15 green, 2 red
pull 1 had 5 blue, 2 red, 18 green
Not possible, too many green
Skipping rest of this game
Game 12: 5 red, 4 blue; 1 blue, 8 green, 8 red; 15 green, 5 red, 4 blue
pull 1 had 5 red, 4 blue
pull 2 had 1 blue, 8 green, 8 red
pull 3 had 15 green, 5 red, 4 blue
Not possible, too many green
Skipping rest of this game
Game 13: 12 blue, 1 red, 6 green; 9 red, 6 blue, 12 green; 3 red, 11 green, 6 blue; 8 red, 4 green, 10 blue; 3 green, 7 blue
pull 1 had 12 blue, 1 red, 6 green
pull 2 had 9 red, 6 blue, 12 green
pull 3 had 3 red, 11 green, 6 blue
pull 4 had 8 red, 4 green, 10 blue
pull 5 had 3 green, 7 blue
This game valid, total now 30
Game 14: 9 red, 5 green, 1 blue; 1 red, 3 blue; 10 green, 7 red; 5 blue, 8 green, 10 red
pull 1 had 9 red, 5 green, 1 blue
pull 2 had 1 red, 3 blue
pull 3 had 10 green, 7 red
pull 4 had 5 blue, 8 green, 10 red
This game valid, total now 44
Game 15: 3 blue, 9 red, 14 green; 15 green, 2 blue, 6 red; 7 green, 1 red, 5 blue
pull 1 had 3 blue, 9 red, 14 green
Not possible, too many green
Skipping rest of this game
Game 16: 7 green, 4 blue, 6 red; 6 green, 4 blue, 8 red; 5 red, 2 blue, 10 green; 4 blue, 4 red, 15 green; 9 red, 15 green, 6 blue; 7 green, 5 blue, 2 red
pull 1 had 7 green, 4 blue, 6 red
pull 2 had 6 green, 4 blue, 8 red
pull 3 had 5 red, 2 blue, 10 green
pull 4 had 4 blue, 4 red, 15 green
Not possible, too many green
Skipping rest of this game
Game 17: 8 red, 6 green, 2 blue; 4 green, 1 blue, 17 red; 1 green, 11 red, 1 blue
pull 1 had 8 red, 6 green, 2 blue
pull 2 had 4 green, 1 blue, 17 red
Not possible, too many red
Skipping rest of this game
Game 18: 13 blue, 1 green, 3 red; 2 red, 2 green; 11 red, 1 green, 7 blue; 2 green, 7 blue, 2 red
pull 1 had 13 blue, 1 green, 3 red
pull 2 had 2 red, 2 green
pull 3 had 11 red, 1 green, 7 blue
pull 4 had 2 green, 7 blue, 2 red
This game valid, total now 62
Game 19: 2 green, 13 red, 2 blue; 1 green, 6 blue, 4 red; 1 green, 2 blue, 15 red
pull 1 had 2 green, 13 red, 2 blue
Not possible, too many red
Skipping rest of this game
Game 20: 10 red, 11 blue, 8 green; 6 red, 13 blue, 2 green; 6 blue, 8 green, 3 red; 10 red, 2 blue, 8 green; 2 red, 3 blue, 7 green; 3 red
pull 1 had 10 red, 11 blue, 8 green
pull 2 had 6 red, 13 blue, 2 green
pull 3 had 6 blue, 8 green, 3 red
pull 4 had 10 red, 2 blue, 8 green
pull 5 had 2 red, 3 blue, 7 green
pull 6 had 3 red
This game valid, total now 82
Game 21: 2 blue, 10 red; 5 green, 3 red; 5 green, 4 red, 4 blue; 6 blue, 9 red, 10 green
pull 1 had 2 blue, 10 red
pull 2 had 5 green, 3 red
pull 3 had 5 green, 4 red, 4 blue
pull 4 had 6 blue, 9 red, 10 green
This game valid, total now 103
Game 22: 5 red, 1 green; 5 red; 4 red, 1 blue; 1 blue, 10 red
pull 1 had 5 red, 1 green
pull 2 had 5 red
pull 3 had 4 red, 1 blue
pull 4 had 1 blue, 10 red
This game valid, total now 125
Game 23: 2 red, 11 blue, 4 green; 4 blue; 1 blue, 6 green, 4 red; 3 green, 4 blue, 2 red
pull 1 had 2 red, 11 blue, 4 green
pull 2 had 4 blue
pull 3 had 1 blue, 6 green, 4 red
pull 4 had 3 green, 4 blue, 2 red
This game valid, total now 148
Game 24: 4 green; 12 green, 4 blue, 1 red; 11 green, 1 blue, 2 red
pull 1 had 4 green
pull 2 had 12 green, 4 blue, 1 red
pull 3 had 11 green, 1 blue, 2 red
This game valid, total now 172
Game 25: 10 red, 1 blue, 3 green; 3 green, 6 blue, 6 red; 2 green, 9 red, 2 blue; 1 blue, 3 green, 7 red; 6 blue, 4 green; 1 red
pull 1 had 10 red, 1 blue, 3 green
pull 2 had 3 green, 6 blue, 6 red
pull 3 had 2 green, 9 red, 2 blue
pull 4 had 1 blue, 3 green, 7 red
pull 5 had 6 blue, 4 green
pull 6 had 1 red
This game valid, total now 197
Game 26: 4 red, 11 green, 5 blue; 2 blue, 11 red, 9 green; 11 green, 3 red; 14 green, 13 red, 5 blue; 10 red, 5 blue, 9 green; 12 red, 4 blue, 6 green
pull 1 had 4 red, 11 green, 5 blue
pull 2 had 2 blue, 11 red, 9 green
pull 3 had 11 green, 3 red
pull 4 had 14 green, 13 red, 5 blue
Not possible, too many green
Skipping rest of this game
Game 27: 8 red, 9 blue, 7 green; 14 red, 15 blue, 2 green; 7 green, 13 blue, 9 red; 8 green, 4 blue, 1 red
pull 1 had 8 red, 9 blue, 7 green
pull 2 had 14 red, 15 blue, 2 green
Not possible, too many red
Skipping rest of this game
Game 28: 4 blue, 4 green, 3 red; 4 green, 9 red, 4 blue; 13 red, 10 blue, 4 green
pull 1 had 4 blue, 4 green, 3 red
pull 2 had 4 green, 9 red, 4 blue
pull 3 had 13 red, 10 blue, 4 green
Not possible, too many red
Skipping rest of this game
Game 29: 7 red; 1 blue, 1 green; 3 red, 1 green, 1 blue; 2 blue; 17 red, 2 blue, 1 green; 6 red, 1 green, 2 blue
pull 1 had 7 red
pull 2 had 1 blue, 1 green
pull 3 had 3 red, 1 green, 1 blue
pull 4 had 2 blue
pull 5 had 17 red, 2 blue, 1 green
Not possible, too many red
Skipping rest of this game
Game 30: 10 green, 4 red, 4 blue; 5 red, 6 blue, 9 green; 2 red, 3 green, 4 blue; 1 blue, 9 green, 1 red; 1 red
pull 1 had 10 green, 4 red, 4 blue
pull 2 had 5 red, 6 blue, 9 green
pull 3 had 2 red, 3 green, 4 blue
pull 4 had 1 blue, 9 green, 1 red
pull 5 had 1 red
This game valid, total now 227
Game 31: 6 red, 3 green; 1 blue, 3 green, 9 red; 2 blue, 11 red; 13 red, 2 blue, 3 green; 5 green, 3 blue
pull 1 had 6 red, 3 green
pull 2 had 1 blue, 3 green, 9 red
pull 3 had 2 blue, 11 red
pull 4 had 13 red, 2 blue, 3 green
Not possible, too many red
Skipping rest of this game
Game 32: 2 red, 1 blue, 1 green; 3 green, 1 blue; 1 red, 6 green; 3 red, 3 green; 1 blue; 12 green, 3 red, 1 blue
pull 1 had 2 red, 1 blue, 1 green
pull 2 had 3 green, 1 blue
pull 3 had 1 red, 6 green
pull 4 had 3 red, 3 green
pull 5 had 1 blue
pull 6 had 12 green, 3 red, 1 blue
This game valid, total now 259
Game 33: 17 blue, 14 green, 7 red; 5 red, 9 green, 16 blue; 8 green, 3 blue, 3 red; 10 green, 12 blue, 1 red
pull 1 had 17 blue, 14 green, 7 red
Not possible, too many blue
Skipping rest of this game
Game 34: 2 red, 1 green, 9 blue; 14 blue, 2 green, 9 red; 10 blue, 2 green, 16 red; 2 green, 5 red, 14 blue; 5 blue, 12 red, 2 green; 8 blue, 15 red, 3 green
pull 1 had 2 red, 1 green, 9 blue
pull 2 had 14 blue, 2 green, 9 red
pull 3 had 10 blue, 2 green, 16 red
Not possible, too many red
Skipping rest of this game
Game 35: 14 green, 4 red; 16 green, 4 red; 4 red, 3 blue, 3 green; 5 green, 4 red, 4 blue; 3 red, 1 blue, 8 green
pull 1 had 14 green, 4 red
Not possible, too many green
Skipping rest of this game
Game 36: 1 blue, 8 red, 4 green; 2 green, 15 blue, 4 red; 13 blue, 5 red, 8 green
pull 1 had 1 blue, 8 red, 4 green
pull 2 had 2 green, 15 blue, 4 red
Not possible, too many blue
Skipping rest of this game
Game 37: 2 red, 8 green, 7 blue; 9 green, 20 red, 3 blue; 3 blue, 1 green, 2 red; 9 red, 1 blue, 4 green; 6 green, 2 blue, 20 red
pull 1 had 2 red, 8 green, 7 blue
pull 2 had 9 green, 20 red, 3 blue
Not possible, too many red
Skipping rest of this game
Game 38: 8 red, 2 blue, 2 green; 7 green, 4 red; 4 red, 10 green, 2 blue
pull 1 had 8 red, 2 blue, 2 green
pull 2 had 7 green, 4 red
pull 3 had 4 red, 10 green, 2 blue
This game valid, total now 297
Game 39: 9 green, 11 red, 6 blue; 6 blue, 2 green, 19 red; 2 red, 3 blue, 2 green; 4 green, 2 blue, 13 red; 19 red, 7 green, 1 blue
pull 1 had 9 green, 11 red, 6 blue
pull 2 had 6 blue, 2 green, 19 red
Not possible, too many red
Skipping rest of this game
Game 40: 7 blue, 2 green, 11 red; 19 red, 4 green, 2 blue; 1 green, 10 red, 5 blue; 2 red, 1 green, 2 blue
pull 1 had 7 blue, 2 green, 11 red
pull 2 had 19 red, 4 green, 2 blue
Not possible, too many red
Skipping rest of this game
Game 41: 1 red, 1 blue, 13 green; 13 green, 11 red, 5 blue; 19 green, 3 blue; 18 green, 1 red
pull 1 had 1 red, 1 blue, 13 green
pull 2 had 13 green, 11 red, 5 blue
pull 3 had 19 green, 3 blue
Not possible, too many green
Skipping rest of this game
Game 42: 1 blue, 2 green, 7 red; 13 green, 5 red, 7 blue; 6 red, 13 green, 9 blue; 12 red, 17 blue, 13 green; 9 red, 16 blue, 5 green; 11 red, 4 green
pull 1 had 1 blue, 2 green, 7 red
pull 2 had 13 green, 5 red, 7 blue
pull 3 had 6 red, 13 green, 9 blue
pull 4 had 12 red, 17 blue, 13 green
Not possible, too many blue
Skipping rest of this game
Game 43: 3 blue, 4 red; 6 red, 5 blue; 7 blue, 1 green, 5 red; 3 blue, 10 red
pull 1 had 3 blue, 4 red
pull 2 had 6 red, 5 blue
pull 3 had 7 blue, 1 green, 5 red
pull 4 had 3 blue, 10 red
This game valid, total now 340
Game 44: 10 green, 10 blue; 2 blue, 10 red, 10 green; 2 green, 5 red, 4 blue; 8 red, 2 green, 2 blue; 14 red, 3 blue, 10 green; 14 red, 5 green, 3 blue
pull 1 had 10 green, 10 blue
pull 2 had 2 blue, 10 red, 10 green
pull 3 had 2 green, 5 red, 4 blue
pull 4 had 8 red, 2 green, 2 blue
pull 5 had 14 red, 3 blue, 10 green
Not possible, too many red
Skipping rest of this game
Game 45: 9 green, 2 red, 2 blue; 2 blue, 2 red, 7 green; 9 blue, 6 green
pull 1 had 9 green, 2 red, 2 blue
pull 2 had 2 blue, 2 red, 7 green
pull 3 had 9 blue, 6 green
This game valid, total now 385
Game 46: 2 blue, 1 green; 1 blue, 1 red, 1 green; 1 blue; 1 blue, 1 green
pull 1 had 2 blue, 1 green
pull 2 had 1 blue, 1 red, 1 green
pull 3 had 1 blue
pull 4 had 1 blue, 1 green
This game valid, total now 431
Game 47: 4 green, 10 red, 14 blue; 19 red, 3 blue, 1 green; 4 green, 14 blue, 15 red; 9 blue, 17 red; 3 green, 12 blue, 7 red; 1 red, 11 blue, 4 green
pull 1 had 4 green, 10 red, 14 blue
pull 2 had 19 red, 3 blue, 1 green
Not possible, too many red
Skipping rest of this game
Game 48: 9 red, 2 green, 1 blue; 7 red, 3 blue; 8 red, 1 green; 1 blue, 3 red
pull 1 had 9 red, 2 green, 1 blue
pull 2 had 7 red, 3 blue
pull 3 had 8 red, 1 green
pull 4 had 1 blue, 3 red
This game valid, total now 479
Game 49: 2 red, 3 green, 13 blue; 7 red, 15 blue, 3 green; 15 blue, 7 red; 11 blue, 5 red, 3 green
pull 1 had 2 red, 3 green, 13 blue
pull 2 had 7 red, 15 blue, 3 green
Not possible, too many blue
Skipping rest of this game
Game 50: 4 red, 4 green, 2 blue; 2 green, 3 red; 2 green, 3 red, 11 blue; 3 green, 2 red
pull 1 had 4 red, 4 green, 2 blue
pull 2 had 2 green, 3 red
pull 3 had 2 green, 3 red, 11 blue
pull 4 had 3 green, 2 red
This game valid, total now 529
Game 51: 4 blue, 17 green; 3 blue, 17 green, 1 red; 6 green, 8 blue
pull 1 had 4 blue, 17 green
Not possible, too many green
Skipping rest of this game
Game 52: 14 blue, 3 red; 11 green, 6 red, 9 blue; 6 blue, 10 red; 1 red, 1 green, 4 blue; 9 blue, 6 green; 3 red, 2 blue, 8 green
pull 1 had 14 blue, 3 red
pull 2 had 11 green, 6 red, 9 blue
pull 3 had 6 blue, 10 red
pull 4 had 1 red, 1 green, 4 blue
pull 5 had 9 blue, 6 green
pull 6 had 3 red, 2 blue, 8 green
This game valid, total now 581
Game 53: 1 blue, 9 red, 9 green; 11 green, 1 red, 7 blue; 11 green, 9 red, 7 blue; 12 green, 15 red, 7 blue; 7 blue, 12 red, 1 green; 6 blue, 2 green, 4 red
pull 1 had 1 blue, 9 red, 9 green
pull 2 had 11 green, 1 red, 7 blue
pull 3 had 11 green, 9 red, 7 blue
pull 4 had 12 green, 15 red, 7 blue
Not possible, too many red
Skipping rest of this game
Game 54: 7 blue, 2 red, 4 green; 2 red, 16 blue, 8 green; 15 blue, 7 green; 5 blue, 3 red, 2 green; 9 green, 15 blue; 1 green, 14 blue
pull 1 had 7 blue, 2 red, 4 green
pull 2 had 2 red, 16 blue, 8 green
Not possible, too many blue
Skipping rest of this game
Game 55: 5 red, 10 blue, 2 green; 5 blue, 5 red, 2 green; 6 red, 1 green; 7 red, 8 blue, 1 green; 1 green, 13 blue
pull 1 had 5 red, 10 blue, 2 green
pull 2 had 5 blue, 5 red, 2 green
pull 3 had 6 red, 1 green
pull 4 had 7 red, 8 blue, 1 green
pull 5 had 1 green, 13 blue
This game valid, total now 636
Game 56: 14 blue, 11 green, 3 red; 10 blue, 7 green, 2 red; 2 red, 13 green, 1 blue
pull 1 had 14 blue, 11 green, 3 red
pull 2 had 10 blue, 7 green, 2 red
pull 3 had 2 red, 13 green, 1 blue
This game valid, total now 692
Game 57: 10 blue, 6 red; 10 red, 4 blue, 6 green; 2 green, 16 blue; 6 blue, 11 red, 7 green
pull 1 had 10 blue, 6 red
pull 2 had 10 red, 4 blue, 6 green
pull 3 had 2 green, 16 blue
Not possible, too many blue
Skipping rest of this game
Game 58: 3 red, 2 blue; 9 green, 12 blue; 1 red, 1 green, 5 blue; 1 blue, 2 green
pull 1 had 3 red, 2 blue
pull 2 had 9 green, 12 blue
pull 3 had 1 red, 1 green, 5 blue
pull 4 had 1 blue, 2 green
This game valid, total now 750
Game 59: 6 red, 9 green, 2 blue; 6 green, 6 red, 7 blue; 2 green, 7 blue, 9 red; 1 green, 10 blue; 1 green, 3 blue, 1 red; 10 green, 1 red, 3 blue
pull 1 had 6 red, 9 green, 2 blue
pull 2 had 6 green, 6 red, 7 blue
pull 3 had 2 green, 7 blue, 9 red
pull 4 had 1 green, 10 blue
pull 5 had 1 green, 3 blue, 1 red
pull 6 had 10 green, 1 red, 3 blue
This game valid, total now 809
Game 60: 13 green, 5 red, 9 blue; 3 blue, 12 green, 9 red; 4 blue, 17 green, 9 red; 12 green, 2 red; 6 red, 3 green, 8 blue; 13 green, 12 red
pull 1 had 13 green, 5 red, 9 blue
pull 2 had 3 blue, 12 green, 9 red
pull 3 had 4 blue, 17 green, 9 red
Not possible, too many green
Skipping rest of this game
Game 61: 4 green, 15 red; 5 green, 15 red; 1 blue, 7 green, 12 red; 8 green, 3 blue, 4 red; 11 green, 11 red, 3 blue; 7 red, 12 green, 2 blue
pull 1 had 4 green, 15 red
Not possible, too many red
Skipping rest of this game
Game 62: 3 red; 2 green, 8 red; 10 red, 8 blue; 1 blue, 4 red, 2 green; 2 green, 13 red; 6 red, 9 blue
pull 1 had 3 red
pull 2 had 2 green, 8 red
pull 3 had 10 red, 8 blue
pull 4 had 1 blue, 4 red, 2 green
pull 5 had 2 green, 13 red
Not possible, too many red
Skipping rest of this game
Game 63: 4 green, 12 blue, 5 red; 5 blue, 5 green, 5 red; 3 blue, 17 green; 1 red, 1 blue, 17 green; 10 green, 4 red, 15 blue; 15 blue, 4 green
pull 1 had 4 green, 12 blue, 5 red
pull 2 had 5 blue, 5 green, 5 red
pull 3 had 3 blue, 17 green
Not possible, too many green
Skipping rest of this game
Game 64: 12 red, 9 blue, 4 green; 1 green, 1 red, 8 blue; 10 green, 11 red, 1 blue; 2 red, 10 blue
pull 1 had 12 red, 9 blue, 4 green
pull 2 had 1 green, 1 red, 8 blue
pull 3 had 10 green, 11 red, 1 blue
pull 4 had 2 red, 10 blue
This game valid, total now 873
Game 65: 1 red, 3 green, 11 blue; 2 red, 6 green, 3 blue; 1 red, 7 green, 1 blue
pull 1 had 1 red, 3 green, 11 blue
pull 2 had 2 red, 6 green, 3 blue
pull 3 had 1 red, 7 green, 1 blue
This game valid, total now 938
Game 66: 2 green, 2 red, 4 blue; 19 red, 11 blue, 4 green; 6 blue, 2 green, 13 red; 16 blue, 4 green
pull 1 had 2 green, 2 red, 4 blue
pull 2 had 19 red, 11 blue, 4 green
Not possible, too many red
Skipping rest of this game
Game 67: 1 blue, 5 red, 1 green; 1 green, 1 red, 1 blue; 2 green, 1 blue, 19 red
pull 1 had 1 blue, 5 red, 1 green
pull 2 had 1 green, 1 red, 1 blue
pull 3 had 2 green, 1 blue, 19 red
Not possible, too many red
Skipping rest of this game
Game 68: 3 green, 1 red; 1 red, 3 blue; 3 blue, 2 red, 10 green; 4 green
pull 1 had 3 green, 1 red
pull 2 had 1 red, 3 blue
pull 3 had 3 blue, 2 red, 10 green
pull 4 had 4 green
This game valid, total now 1006
Game 69: 5 green, 11 blue, 5 red; 13 green, 19 red, 8 blue; 19 red, 2 green, 11 blue
pull 1 had 5 green, 11 blue, 5 red
pull 2 had 13 green, 19 red, 8 blue
Not possible, too many red
Skipping rest of this game
Game 70: 7 blue, 9 green; 1 red, 11 blue, 2 green; 6 blue, 10 green, 1 red
pull 1 had 7 blue, 9 green
pull 2 had 1 red, 11 blue, 2 green
pull 3 had 6 blue, 10 green, 1 red
This game valid, total now 1076
Game 71: 2 red, 2 green, 9 blue; 1 green, 20 blue, 1 red; 17 blue, 3 green, 2 red; 3 green, 13 blue, 2 red; 16 blue, 3 green; 11 blue
pull 1 had 2 red, 2 green, 9 blue
pull 2 had 1 green, 20 blue, 1 red
Not possible, too many blue
Skipping rest of this game
Game 72: 6 red, 4 green, 10 blue; 6 red, 7 blue; 1 blue, 8 green; 3 green, 6 red, 1 blue
pull 1 had 6 red, 4 green, 10 blue
pull 2 had 6 red, 7 blue
pull 3 had 1 blue, 8 green
pull 4 had 3 green, 6 red, 1 blue
This game valid, total now 1148
Game 73: 2 green, 12 blue, 2 red; 6 red, 6 blue, 3 green; 8 red, 3 green, 1 blue; 3 green, 5 red, 10 blue
pull 1 had 2 green, 12 blue, 2 red
pull 2 had 6 red, 6 blue, 3 green
pull 3 had 8 red, 3 green, 1 blue
pull 4 had 3 green, 5 red, 10 blue
This game valid, total now 1221
Game 74: 1 red, 15 green; 3 blue, 5 green, 6 red; 7 red, 5 green; 12 red, 12 green
pull 1 had 1 red, 15 green
Not possible, too many green
Skipping rest of this game
Game 75: 14 blue, 2 green, 8 red; 13 blue, 6 green, 4 red; 4 green, 6 red, 1 blue
pull 1 had 14 blue, 2 green, 8 red
pull 2 had 13 blue, 6 green, 4 red
pull 3 had 4 green, 6 red, 1 blue
This game valid, total now 1296
Game 76: 12 red, 5 blue, 1 green; 6 blue, 11 red; 2 red, 7 blue; 6 blue, 16 red
pull 1 had 12 red, 5 blue, 1 green
pull 2 had 6 blue, 11 red
pull 3 had 2 red, 7 blue
pull 4 had 6 blue, 16 red
Not possible, too many red
Skipping rest of this game
Game 77: 7 red, 2 green, 1 blue; 6 blue; 3 red, 1 green, 10 blue; 5 blue, 2 green, 1 red
pull 1 had 7 red, 2 green, 1 blue
pull 2 had 6 blue
pull 3 had 3 red, 1 green, 10 blue
pull 4 had 5 blue, 2 green, 1 red
This game valid, total now 1373
Game 78: 9 blue, 3 green, 14 red; 16 red, 15 blue; 16 red, 9 green, 10 blue; 2 red, 8 blue, 3 green
pull 1 had 9 blue, 3 green, 14 red
Not possible, too many red
Skipping rest of this game
Game 79: 7 green, 5 blue, 2 red; 5 red, 5 blue, 1 green; 2 red, 3 blue, 10 green; 5 green, 1 blue, 3 red; 5 blue, 3 red, 7 green
pull 1 had 7 green, 5 blue, 2 red
pull 2 had 5 red, 5 blue, 1 green
pull 3 had 2 red, 3 blue, 10 green
pull 4 had 5 green, 1 blue, 3 red
pull 5 had 5 blue, 3 red, 7 green
This game valid, total now 1452
Game 80: 7 red, 6 blue; 6 red, 6 blue; 7 blue, 2 green; 3 red, 9 blue
pull 1 had 7 red, 6 blue
pull 2 had 6 red, 6 blue
pull 3 had 7 blue, 2 green
pull 4 had 3 red, 9 blue
This game valid, total now 1532
Game 81: 8 green, 9 red, 1 blue; 9 red, 7 green; 1 green, 5 red; 2 green, 1 red; 1 blue, 14 red, 6 green; 1 blue, 11 green, 6 red
pull 1 had 8 green, 9 red, 1 blue
pull 2 had 9 red, 7 green
pull 3 had 1 green, 5 red
pull 4 had 2 green, 1 red
pull 5 had 1 blue, 14 red, 6 green
Not possible, too many red
Skipping rest of this game
Game 82: 4 blue, 14 red, 1 green; 2 red, 4 green, 2 blue; 7 green, 4 blue, 13 red; 2 red, 1 green, 6 blue
pull 1 had 4 blue, 14 red, 1 green
Not possible, too many red
Skipping rest of this game
Game 83: 9 red, 2 blue, 2 green; 6 green, 6 red; 9 red, 3 blue, 6 green
pull 1 had 9 red, 2 blue, 2 green
pull 2 had 6 green, 6 red
pull 3 had 9 red, 3 blue, 6 green
This game valid, total now 1615
Game 84: 9 green, 1 red, 1 blue; 4 red, 15 green; 7 green, 1 blue, 12 red; 1 blue, 11 red, 14 green; 2 green, 11 red
pull 1 had 9 green, 1 red, 1 blue
pull 2 had 4 red, 15 green
Not possible, too many green
Skipping rest of this game
Game 85: 13 green; 11 green; 15 blue, 10 green; 8 blue, 6 green; 11 green, 1 red, 3 blue; 13 green
pull 1 had 13 green
pull 2 had 11 green
pull 3 had 15 blue, 10 green
Not possible, too many blue
Skipping rest of this game
Game 86: 13 green, 1 blue, 4 red; 1 green, 5 red; 1 blue, 9 green, 5 red
pull 1 had 13 green, 1 blue, 4 red
pull 2 had 1 green, 5 red
pull 3 had 1 blue, 9 green, 5 red
This game valid, total now 1701
Game 87: 4 green, 5 red, 2 blue; 4 green; 8 green, 2 blue, 1 red; 4 blue, 8 green, 1 red; 5 red, 9 blue, 8 green; 7 blue
pull 1 had 4 green, 5 red, 2 blue
pull 2 had 4 green
pull 3 had 8 green, 2 blue, 1 red
pull 4 had 4 blue, 8 green, 1 red
pull 5 had 5 red, 9 blue, 8 green
pull 6 had 7 blue
This game valid, total now 1788
Game 88: 5 green, 1 blue, 3 red; 2 blue, 2 red, 3 green; 3 green; 2 blue, 1 red, 6 green
pull 1 had 5 green, 1 blue, 3 red
pull 2 had 2 blue, 2 red, 3 green
pull 3 had 3 green
pull 4 had 2 blue, 1 red, 6 green
This game valid, total now 1876
Game 89: 13 blue, 6 red, 15 green; 5 green, 14 blue, 9 red; 3 green, 15 blue, 5 red; 13 red, 13 green; 18 red, 4 green, 19 blue; 10 green, 10 red, 18 blue
pull 1 had 13 blue, 6 red, 15 green
Not possible, too many green
Skipping rest of this game
Game 90: 1 red, 1 green; 1 blue, 2 green, 1 red; 5 red, 2 blue
pull 1 had 1 red, 1 green
pull 2 had 1 blue, 2 green, 1 red
pull 3 had 5 red, 2 blue
This game valid, total now 1966
Game 91: 9 blue; 6 green, 12 blue, 2 red; 3 red, 1 green, 8 blue; 7 green, 2 red, 8 blue
pull 1 had 9 blue
pull 2 had 6 green, 12 blue, 2 red
pull 3 had 3 red, 1 green, 8 blue
pull 4 had 7 green, 2 red, 8 blue
This game valid, total now 2057
Game 92: 15 red, 7 green, 1 blue; 19 green, 12 red, 1 blue; 7 red, 16 green; 8 green, 1 blue, 14 red; 8 red, 1 blue, 9 green
pull 1 had 15 red, 7 green, 1 blue
Not possible, too many red
Skipping rest of this game
Game 93: 11 red, 4 green; 7 green, 8 red; 4 blue, 6 green; 8 red, 6 green, 1 blue; 6 green; 1 red, 1 green, 4 blue
pull 1 had 11 red, 4 green
pull 2 had 7 green, 8 red
pull 3 had 4 blue, 6 green
pull 4 had 8 red, 6 green, 1 blue
pull 5 had 6 green
pull 6 had 1 red, 1 green, 4 blue
This game valid, total now 2150
Game 94: 15 green; 1 red, 4 blue, 4 green; 1 red, 1 blue; 4 red, 1 green, 5 blue; 18 green, 3 red, 3 blue; 1 red
pull 1 had 15 green
Not possible, too many green
Skipping rest of this game
Game 95: 1 blue, 3 green, 10 red; 1 blue, 6 green; 15 green, 2 red, 3 blue; 2 blue, 8 red, 11 green; 13 green, 10 red; 5 red
pull 1 had 1 blue, 3 green, 10 red
pull 2 had 1 blue, 6 green
pull 3 had 15 green, 2 red, 3 blue
Not possible, too many green
Skipping rest of this game
Game 96: 8 green; 5 blue, 2 red, 4 green; 3 green, 4 red
pull 1 had 8 green
pull 2 had 5 blue, 2 red, 4 green
pull 3 had 3 green, 4 red
This game valid, total now 2246
Game 97: 5 red, 4 blue; 1 blue, 2 red, 9 green; 10 green, 3 red; 4 green, 3 blue, 4 red; 5 red, 4 green, 3 blue
pull 1 had 5 red, 4 blue
pull 2 had 1 blue, 2 red, 9 green
pull 3 had 10 green, 3 red
pull 4 had 4 green, 3 blue, 4 red
pull 5 had 5 red, 4 green, 3 blue
This game valid, total now 2343
Game 98: 3 green, 3 blue, 2 red; 2 blue, 2 red, 1 green; 3 green, 5 blue
pull 1 had 3 green, 3 blue, 2 red
pull 2 had 2 blue, 2 red, 1 green
pull 3 had 3 green, 5 blue
This game valid, total now 2441
Game 99: 11 green, 4 red, 12 blue; 9 red, 4 blue; 20 green, 6 blue
pull 1 had 11 green, 4 red, 12 blue
pull 2 had 9 red, 4 blue
pull 3 had 20 green, 6 blue
Not possible, too many green
Skipping rest of this game
Game 100: 12 red, 9 green; 12 red; 9 red, 3 green; 8 red, 4 blue, 4 green; 8 blue, 11 red, 2 green
pull 1 had 12 red, 9 green
pull 2 had 12 red
pull 3 had 9 red, 3 green
pull 4 had 8 red, 4 blue, 4 green
pull 5 had 8 blue, 11 red, 2 green
This game valid, total now 2541
